CRITICAL - 2021-03-28 17:04:39 --> Invalid argument supplied for foreach()
#0 /var/www/invader/data/www/dg-tech.az/app/Views/faq.php(14): CodeIgniter\Debug\Exceptions->errorHandler(2, 'Invalid argumen...', '/var/www/invade...', 14, Array)
#1 /var/www/invader/data/www/dg-tech.az/system/View/View.php(220): include('/var/www/invade...')
#2 /var/www/invader/data/www/dg-tech.az/system/View/View.php(222): CodeIgniter\View\View->CodeIgniter\View\{closure}()
#3 /var/www/invader/data/www/dg-tech.az/system/Common.php(1217): CodeIgniter\View\View->render('faq', Array, true)
#4 /var/www/invader/data/www/dg-tech.az/app/Controllers/Home.php(83): view('faq', Array)
#5 /var/www/invader/data/www/dg-tech.az/system/CodeIgniter.php(936): App\Controllers\Home->faq()
#6 /var/www/invader/data/www/dg-tech.az/system/CodeIgniter.php(432): CodeIgniter\CodeIgniter->runController(Object(App\Controllers\Home))
#7 /var/www/invader/data/www/dg-tech.az/system/CodeIgniter.php(333): CodeIgniter\CodeIgniter->handleRequest(NULL, Object(Config\Cache), false)
#8 /var/www/invader/data/www/dg-tech.az/public/index.php(44): CodeIgniter\CodeIgniter->run()
#9 {main}
CRITICAL - 2021-03-28 17:04:49 --> Invalid argument supplied for foreach()
#0 /var/www/invader/data/www/dg-tech.az/app/Views/faq.php(14): CodeIgniter\Debug\Exceptions->errorHandler(2, 'Invalid argumen...', '/var/www/invade...', 14, Array)
#1 /var/www/invader/data/www/dg-tech.az/system/View/View.php(220): include('/var/www/invade...')
#2 /var/www/invader/data/www/dg-tech.az/system/View/View.php(222): CodeIgniter\View\View->CodeIgniter\View\{closure}()
#3 /var/www/invader/data/www/dg-tech.az/system/Common.php(1217): CodeIgniter\View\View->render('faq', Array, true)
#4 /var/www/invader/data/www/dg-tech.az/app/Controllers/Home.php(83): view('faq', Array)
#5 /var/www/invader/data/www/dg-tech.az/system/CodeIgniter.php(936): App\Controllers\Home->faq()
#6 /var/www/invader/data/www/dg-tech.az/system/CodeIgniter.php(432): CodeIgniter\CodeIgniter->runController(Object(App\Controllers\Home))
#7 /var/www/invader/data/www/dg-tech.az/system/CodeIgniter.php(333): CodeIgniter\CodeIgniter->handleRequest(NULL, Object(Config\Cache), false)
#8 /var/www/invader/data/www/dg-tech.az/public/index.php(44): CodeIgniter\CodeIgniter->run()
#9 {main}
CRITICAL - 2021-03-28 17:05:26 --> Invalid argument supplied for foreach()
#0 /var/www/invader/data/www/dg-tech.az/app/Views/faq.php(14): CodeIgniter\Debug\Exceptions->errorHandler(2, 'Invalid argumen...', '/var/www/invade...', 14, Array)
#1 /var/www/invader/data/www/dg-tech.az/system/View/View.php(220): include('/var/www/invade...')
#2 /var/www/invader/data/www/dg-tech.az/system/View/View.php(222): CodeIgniter\View\View->CodeIgniter\View\{closure}()
#3 /var/www/invader/data/www/dg-tech.az/system/Common.php(1217): CodeIgniter\View\View->render('faq', Array, true)
#4 /var/www/invader/data/www/dg-tech.az/app/Controllers/Home.php(83): view('faq', Array)
#5 /var/www/invader/data/www/dg-tech.az/system/CodeIgniter.php(936): App\Controllers\Home->faq()
#6 /var/www/invader/data/www/dg-tech.az/system/CodeIgniter.php(432): CodeIgniter\CodeIgniter->runController(Object(App\Controllers\Home))
#7 /var/www/invader/data/www/dg-tech.az/system/CodeIgniter.php(333): CodeIgniter\CodeIgniter->handleRequest(NULL, Object(Config\Cache), false)
#8 /var/www/invader/data/www/dg-tech.az/public/index.php(44): CodeIgniter\CodeIgniter->run()
#9 {main}
CRITICAL - 2021-03-28 17:05:33 --> Invalid argument supplied for foreach()
#0 /var/www/invader/data/www/dg-tech.az/app/Views/faq.php(14): CodeIgniter\Debug\Exceptions->errorHandler(2, 'Invalid argumen...', '/var/www/invade...', 14, Array)
#1 /var/www/invader/data/www/dg-tech.az/system/View/View.php(220): include('/var/www/invade...')
#2 /var/www/invader/data/www/dg-tech.az/system/View/View.php(222): CodeIgniter\View\View->CodeIgniter\View\{closure}()
#3 /var/www/invader/data/www/dg-tech.az/system/Common.php(1217): CodeIgniter\View\View->render('faq', Array, true)
#4 /var/www/invader/data/www/dg-tech.az/app/Controllers/Home.php(83): view('faq', Array)
#5 /var/www/invader/data/www/dg-tech.az/system/CodeIgniter.php(936): App\Controllers\Home->faq()
#6 /var/www/invader/data/www/dg-tech.az/system/CodeIgniter.php(432): CodeIgniter\CodeIgniter->runController(Object(App\Controllers\Home))
#7 /var/www/invader/data/www/dg-tech.az/system/CodeIgniter.php(333): CodeIgniter\CodeIgniter->handleRequest(NULL, Object(Config\Cache), false)
#8 /var/www/invader/data/www/dg-tech.az/public/index.php(44): CodeIgniter\CodeIgniter->run()
#9 {main}
CRITICAL - 2021-03-28 17:07:08 --> Invalid argument supplied for foreach()
#0 /var/www/invader/data/www/dg-tech.az/app/Views/faq.php(14): CodeIgniter\Debug\Exceptions->errorHandler(2, 'Invalid argumen...', '/var/www/invade...', 14, Array)
#1 /var/www/invader/data/www/dg-tech.az/system/View/View.php(220): include('/var/www/invade...')
#2 /var/www/invader/data/www/dg-tech.az/system/View/View.php(222): CodeIgniter\View\View->CodeIgniter\View\{closure}()
#3 /var/www/invader/data/www/dg-tech.az/system/Common.php(1217): CodeIgniter\View\View->render('faq', Array, true)
#4 /var/www/invader/data/www/dg-tech.az/app/Controllers/Home.php(83): view('faq', Array)
#5 /var/www/invader/data/www/dg-tech.az/system/CodeIgniter.php(936): App\Controllers\Home->faq()
#6 /var/www/invader/data/www/dg-tech.az/system/CodeIgniter.php(432): CodeIgniter\CodeIgniter->runController(Object(App\Controllers\Home))
#7 /var/www/invader/data/www/dg-tech.az/system/CodeIgniter.php(333): CodeIgniter\CodeIgniter->handleRequest(NULL, Object(Config\Cache), false)
#8 /var/www/invader/data/www/dg-tech.az/public/index.php(44): CodeIgniter\CodeIgniter->run()
#9 {main}
CRITICAL - 2021-03-28 17:08:19 --> Invalid argument supplied for foreach()
#0 /var/www/invader/data/www/dg-tech.az/app/Views/faq.php(14): CodeIgniter\Debug\Exceptions->errorHandler(2, 'Invalid argumen...', '/var/www/invade...', 14, Array)
#1 /var/www/invader/data/www/dg-tech.az/system/View/View.php(220): include('/var/www/invade...')
#2 /var/www/invader/data/www/dg-tech.az/system/View/View.php(222): CodeIgniter\View\View->CodeIgniter\View\{closure}()
#3 /var/www/invader/data/www/dg-tech.az/system/Common.php(1217): CodeIgniter\View\View->render('faq', Array, true)
#4 /var/www/invader/data/www/dg-tech.az/app/Controllers/Home.php(83): view('faq', Array)
#5 /var/www/invader/data/www/dg-tech.az/system/CodeIgniter.php(936): App\Controllers\Home->faq()
#6 /var/www/invader/data/www/dg-tech.az/system/CodeIgniter.php(432): CodeIgniter\CodeIgniter->runController(Object(App\Controllers\Home))
#7 /var/www/invader/data/www/dg-tech.az/system/CodeIgniter.php(333): CodeIgniter\CodeIgniter->handleRequest(NULL, Object(Config\Cache), false)
#8 /var/www/invader/data/www/dg-tech.az/public/index.php(44): CodeIgniter\CodeIgniter->run()
#9 {main}
CRITICAL - 2021-03-28 17:08:23 --> Invalid argument supplied for foreach()
#0 /var/www/invader/data/www/dg-tech.az/app/Views/faq.php(14): CodeIgniter\Debug\Exceptions->errorHandler(2, 'Invalid argumen...', '/var/www/invade...', 14, Array)
#1 /var/www/invader/data/www/dg-tech.az/system/View/View.php(220): include('/var/www/invade...')
#2 /var/www/invader/data/www/dg-tech.az/system/View/View.php(222): CodeIgniter\View\View->CodeIgniter\View\{closure}()
#3 /var/www/invader/data/www/dg-tech.az/system/Common.php(1217): CodeIgniter\View\View->render('faq', Array, true)
#4 /var/www/invader/data/www/dg-tech.az/app/Controllers/Home.php(83): view('faq', Array)
#5 /var/www/invader/data/www/dg-tech.az/system/CodeIgniter.php(936): App\Controllers\Home->faq()
#6 /var/www/invader/data/www/dg-tech.az/system/CodeIgniter.php(432): CodeIgniter\CodeIgniter->runController(Object(App\Controllers\Home))
#7 /var/www/invader/data/www/dg-tech.az/system/CodeIgniter.php(333): CodeIgniter\CodeIgniter->handleRequest(NULL, Object(Config\Cache), false)
#8 /var/www/invader/data/www/dg-tech.az/public/index.php(44): CodeIgniter\CodeIgniter->run()
#9 {main}
CRITICAL - 2021-03-28 17:12:09 --> Invalid argument supplied for foreach()
#0 /var/www/invader/data/www/dg-tech.az/app/Views/faq.php(14): CodeIgniter\Debug\Exceptions->errorHandler(2, 'Invalid argumen...', '/var/www/invade...', 14, Array)
#1 /var/www/invader/data/www/dg-tech.az/system/View/View.php(220): include('/var/www/invade...')
#2 /var/www/invader/data/www/dg-tech.az/system/View/View.php(222): CodeIgniter\View\View->CodeIgniter\View\{closure}()
#3 /var/www/invader/data/www/dg-tech.az/system/Common.php(1217): CodeIgniter\View\View->render('faq', Array, true)
#4 /var/www/invader/data/www/dg-tech.az/app/Controllers/Home.php(83): view('faq', Array, Array)
#5 /var/www/invader/data/www/dg-tech.az/system/CodeIgniter.php(936): App\Controllers\Home->faq()
#6 /var/www/invader/data/www/dg-tech.az/system/CodeIgniter.php(432): CodeIgniter\CodeIgniter->runController(Object(App\Controllers\Home))
#7 /var/www/invader/data/www/dg-tech.az/system/CodeIgniter.php(333): CodeIgniter\CodeIgniter->handleRequest(NULL, Object(Config\Cache), false)
#8 /var/www/invader/data/www/dg-tech.az/public/index.php(44): CodeIgniter\CodeIgniter->run()
#9 {main}
CRITICAL - 2021-03-28 17:12:13 --> Invalid argument supplied for foreach()
#0 /var/www/invader/data/www/dg-tech.az/app/Views/faq.php(14): CodeIgniter\Debug\Exceptions->errorHandler(2, 'Invalid argumen...', '/var/www/invade...', 14, Array)
#1 /var/www/invader/data/www/dg-tech.az/system/View/View.php(220): include('/var/www/invade...')
#2 /var/www/invader/data/www/dg-tech.az/system/View/View.php(222): CodeIgniter\View\View->CodeIgniter\View\{closure}()
#3 /var/www/invader/data/www/dg-tech.az/system/Common.php(1217): CodeIgniter\View\View->render('faq', Array, true)
#4 /var/www/invader/data/www/dg-tech.az/app/Controllers/Home.php(83): view('faq', Array, Array)
#5 /var/www/invader/data/www/dg-tech.az/system/CodeIgniter.php(936): App\Controllers\Home->faq()
#6 /var/www/invader/data/www/dg-tech.az/system/CodeIgniter.php(432): CodeIgniter\CodeIgniter->runController(Object(App\Controllers\Home))
#7 /var/www/invader/data/www/dg-tech.az/system/CodeIgniter.php(333): CodeIgniter\CodeIgniter->handleRequest(NULL, Object(Config\Cache), false)
#8 /var/www/invader/data/www/dg-tech.az/public/index.php(44): CodeIgniter\CodeIgniter->run()
#9 {main}
CRITICAL - 2021-03-28 17:12:16 --> Invalid argument supplied for foreach()
#0 /var/www/invader/data/www/dg-tech.az/app/Views/faq.php(14): CodeIgniter\Debug\Exceptions->errorHandler(2, 'Invalid argumen...', '/var/www/invade...', 14, Array)
#1 /var/www/invader/data/www/dg-tech.az/system/View/View.php(220): include('/var/www/invade...')
#2 /var/www/invader/data/www/dg-tech.az/system/View/View.php(222): CodeIgniter\View\View->CodeIgniter\View\{closure}()
#3 /var/www/invader/data/www/dg-tech.az/system/Common.php(1217): CodeIgniter\View\View->render('faq', Array, true)
#4 /var/www/invader/data/www/dg-tech.az/app/Controllers/Home.php(83): view('faq', Array, Array)
#5 /var/www/invader/data/www/dg-tech.az/system/CodeIgniter.php(936): App\Controllers\Home->faq()
#6 /var/www/invader/data/www/dg-tech.az/system/CodeIgniter.php(432): CodeIgniter\CodeIgniter->runController(Object(App\Controllers\Home))
#7 /var/www/invader/data/www/dg-tech.az/system/CodeIgniter.php(333): CodeIgniter\CodeIgniter->handleRequest(NULL, Object(Config\Cache), false)
#8 /var/www/invader/data/www/dg-tech.az/public/index.php(44): CodeIgniter\CodeIgniter->run()
#9 {main}
CRITICAL - 2021-03-28 17:13:27 --> Invalid argument supplied for foreach()
#0 /var/www/invader/data/www/dg-tech.az/app/Views/faq.php(14): CodeIgniter\Debug\Exceptions->errorHandler(2, 'Invalid argumen...', '/var/www/invade...', 14, Array)
#1 /var/www/invader/data/www/dg-tech.az/system/View/View.php(220): include('/var/www/invade...')
#2 /var/www/invader/data/www/dg-tech.az/system/View/View.php(222): CodeIgniter\View\View->CodeIgniter\View\{closure}()
#3 /var/www/invader/data/www/dg-tech.az/system/Common.php(1217): CodeIgniter\View\View->render('faq', Array, true)
#4 /var/www/invader/data/www/dg-tech.az/app/Controllers/Home.php(84): view('faq', Array)
#5 /var/www/invader/data/www/dg-tech.az/system/CodeIgniter.php(936): App\Controllers\Home->faq()
#6 /var/www/invader/data/www/dg-tech.az/system/CodeIgniter.php(432): CodeIgniter\CodeIgniter->runController(Object(App\Controllers\Home))
#7 /var/www/invader/data/www/dg-tech.az/system/CodeIgniter.php(333): CodeIgniter\CodeIgniter->handleRequest(NULL, Object(Config\Cache), false)
#8 /var/www/invader/data/www/dg-tech.az/public/index.php(44): CodeIgniter\CodeIgniter->run()
#9 {main}
CRITICAL - 2021-03-28 17:13:34 --> Invalid argument supplied for foreach()
#0 /var/www/invader/data/www/dg-tech.az/app/Views/faq.php(14): CodeIgniter\Debug\Exceptions->errorHandler(2, 'Invalid argumen...', '/var/www/invade...', 14, Array)
#1 /var/www/invader/data/www/dg-tech.az/system/View/View.php(220): include('/var/www/invade...')
#2 /var/www/invader/data/www/dg-tech.az/system/View/View.php(222): CodeIgniter\View\View->CodeIgniter\View\{closure}()
#3 /var/www/invader/data/www/dg-tech.az/system/Common.php(1217): CodeIgniter\View\View->render('faq', Array, true)
#4 /var/www/invader/data/www/dg-tech.az/app/Controllers/Home.php(84): view('faq', Array)
#5 /var/www/invader/data/www/dg-tech.az/system/CodeIgniter.php(936): App\Controllers\Home->faq()
#6 /var/www/invader/data/www/dg-tech.az/system/CodeIgniter.php(432): CodeIgniter\CodeIgniter->runController(Object(App\Controllers\Home))
#7 /var/www/invader/data/www/dg-tech.az/system/CodeIgniter.php(333): CodeIgniter\CodeIgniter->handleRequest(NULL, Object(Config\Cache), false)
#8 /var/www/invader/data/www/dg-tech.az/public/index.php(44): CodeIgniter\CodeIgniter->run()
#9 {main}
